[2019-12-18 16:12:29,918] DEBUG preRegister called. Server=com.sun.jmx.mbeanserver.JmxMBeanServer@66d3c617, name=log4j:logger=kafka.controller (kafka.controller)
[2019-12-18 16:14:22,880] DEBUG preRegister called. Server=com.sun.jmx.mbeanserver.JmxMBeanServer@66d3c617, name=log4j:logger=kafka.controller (kafka.controller)
[2019-12-18 16:14:48,190] INFO [ControllerEventThread controllerId=0] Starting (kafka.controller.ControllerEventManager$ControllerEventThread)
[2019-12-18 16:14:48,209] INFO [Controller id=0] 0 successfully elected as the controller. Epoch incremented to 1 and epoch zk version is now 1 (kafka.controller.KafkaController)
[2019-12-18 16:14:48,210] INFO [Controller id=0] Registering handlers (kafka.controller.KafkaController)
[2019-12-18 16:14:48,213] INFO [Controller id=0] Deleting log dir event notifications (kafka.controller.KafkaController)
[2019-12-18 16:14:48,216] INFO [Controller id=0] Deleting isr change notifications (kafka.controller.KafkaController)
[2019-12-18 16:14:48,218] INFO [Controller id=0] Initializing controller context (kafka.controller.KafkaController)
[2019-12-18 16:14:48,250] INFO [Controller id=0] Initialized broker epochs cache: Map(0 -> 24) (kafka.controller.KafkaController)
[2019-12-18 16:14:48,253] DEBUG [Controller id=0] Register BrokerModifications handler for Set(0) (kafka.controller.KafkaController)
[2019-12-18 16:14:48,257] DEBUG [Channel manager on controller 0]: Controller 0 trying to connect to broker 0 (kafka.controller.ControllerChannelManager)
[2019-12-18 16:14:48,270] INFO [RequestSendThread controllerId=0] Starting (kafka.controller.RequestSendThread)
[2019-12-18 16:14:48,271] INFO [Controller id=0] Currently active brokers in the cluster: Set(0) (kafka.controller.KafkaController)
[2019-12-18 16:14:48,271] INFO [Controller id=0] Currently shutting brokers in the cluster: Set() (kafka.controller.KafkaController)
[2019-12-18 16:14:48,272] INFO [Controller id=0] Current list of topics in the cluster: Set() (kafka.controller.KafkaController)
[2019-12-18 16:14:48,272] INFO [Controller id=0] Fetching topic deletions in progress (kafka.controller.KafkaController)
[2019-12-18 16:14:48,275] INFO [Controller id=0] List of topics to be deleted:  (kafka.controller.KafkaController)
[2019-12-18 16:14:48,275] INFO [Controller id=0] List of topics ineligible for deletion:  (kafka.controller.KafkaController)
[2019-12-18 16:14:48,276] INFO [Controller id=0] Initializing topic deletion manager (kafka.controller.KafkaController)
[2019-12-18 16:14:48,276] INFO [Topic Deletion Manager 0] Initializing manager with initial deletions: Set(), initial ineligible deletions: Set() (kafka.controller.TopicDeletionManager)
[2019-12-18 16:14:48,276] INFO [Controller id=0] Sending update metadata request (kafka.controller.KafkaController)
[2019-12-18 16:14:48,285] INFO [ReplicaStateMachine controllerId=0] Initializing replica state (kafka.controller.ZkReplicaStateMachine)
[2019-12-18 16:14:48,285] INFO [ReplicaStateMachine controllerId=0] Triggering online replica state changes (kafka.controller.ZkReplicaStateMachine)
[2019-12-18 16:14:48,290] INFO [ReplicaStateMachine controllerId=0] Triggering offline replica state changes (kafka.controller.ZkReplicaStateMachine)
[2019-12-18 16:14:48,290] DEBUG [ReplicaStateMachine controllerId=0] Started replica state machine with initial state -> Map() (kafka.controller.ZkReplicaStateMachine)
[2019-12-18 16:14:48,291] INFO [PartitionStateMachine controllerId=0] Initializing partition state (kafka.controller.ZkPartitionStateMachine)
[2019-12-18 16:14:48,292] INFO [PartitionStateMachine controllerId=0] Triggering online partition state changes (kafka.controller.ZkPartitionStateMachine)
[2019-12-18 16:14:48,293] INFO [RequestSendThread controllerId=0] Controller 0 connected to manjaro:9092 (id: 0 rack: null) for sending state change requests (kafka.controller.RequestSendThread)
[2019-12-18 16:14:48,295] DEBUG [PartitionStateMachine controllerId=0] Started partition state machine with initial state -> Map() (kafka.controller.ZkPartitionStateMachine)
[2019-12-18 16:14:48,295] INFO [Controller id=0] Ready to serve as the new controller with epoch 1 (kafka.controller.KafkaController)
[2019-12-18 16:14:48,299] INFO [Controller id=0] Partitions undergoing preferred replica election:  (kafka.controller.KafkaController)
[2019-12-18 16:14:48,299] INFO [Controller id=0] Partitions that completed preferred replica election:  (kafka.controller.KafkaController)
[2019-12-18 16:14:48,299] INFO [Controller id=0] Skipping preferred replica election for partitions due to topic deletion:  (kafka.controller.KafkaController)
[2019-12-18 16:14:48,300] INFO [Controller id=0] Resuming preferred replica election for partitions:  (kafka.controller.KafkaController)
[2019-12-18 16:14:48,300] INFO [Controller id=0] Starting replica leader election (PREFERRED) for partitions  triggered by ZkTriggered (kafka.controller.KafkaController)
[2019-12-18 16:14:48,309] INFO [Controller id=0] Starting the controller scheduler (kafka.controller.KafkaController)
[2019-12-18 16:14:53,310] INFO [Controller id=0] Processing automatic preferred replica leader election (kafka.controller.KafkaController)
[2019-12-18 16:14:53,310] TRACE [Controller id=0] Checking need to trigger auto leader balancing (kafka.controller.KafkaController)
[2019-12-18 16:14:53,312] DEBUG [Controller id=0] Preferred replicas by broker Map() (kafka.controller.KafkaController)
[2019-12-18 16:19:53,313] INFO [Controller id=0] Processing automatic preferred replica leader election (kafka.controller.KafkaController)
[2019-12-18 16:19:53,313] TRACE [Controller id=0] Checking need to trigger auto leader balancing (kafka.controller.KafkaController)
[2019-12-18 16:19:53,313] DEBUG [Controller id=0] Preferred replicas by broker Map() (kafka.controller.KafkaController)
[2019-12-18 16:24:53,313] INFO [Controller id=0] Processing automatic preferred replica leader election (kafka.controller.KafkaController)
[2019-12-18 16:24:53,313] TRACE [Controller id=0] Checking need to trigger auto leader balancing (kafka.controller.KafkaController)
[2019-12-18 16:24:53,313] DEBUG [Controller id=0] Preferred replicas by broker Map() (kafka.controller.KafkaController)
[2019-12-18 16:29:53,314] INFO [Controller id=0] Processing automatic preferred replica leader election (kafka.controller.KafkaController)
[2019-12-18 16:29:53,314] TRACE [Controller id=0] Checking need to trigger auto leader balancing (kafka.controller.KafkaController)
[2019-12-18 16:29:53,314] DEBUG [Controller id=0] Preferred replicas by broker Map() (kafka.controller.KafkaController)
[2019-12-18 16:30:30,075] INFO [Controller id=0] New topics: [Set(metrics)], deleted topics: [Set()], new partition replica assignment [Map(metrics-0 -> ReplicaAssignment(replicas=0, addingReplicas=, removingReplicas=))] (kafka.controller.KafkaController)
[2019-12-18 16:30:30,075] INFO [Controller id=0] New partition creation callback for metrics-0 (kafka.controller.KafkaController)
[2019-12-18 16:30:30,104] INFO [RequestSendThread controllerId=0] Controller 0 connected to manjaro:9092 (id: 0 rack: null) for sending state change requests (kafka.controller.RequestSendThread)
[2019-12-18 16:34:53,315] INFO [Controller id=0] Processing automatic preferred replica leader election (kafka.controller.KafkaController)
[2019-12-18 16:34:53,315] TRACE [Controller id=0] Checking need to trigger auto leader balancing (kafka.controller.KafkaController)
[2019-12-18 16:34:53,315] DEBUG [Controller id=0] Preferred replicas by broker Map(0 -> Map(metrics-0 -> Vector(0))) (kafka.controller.KafkaController)
[2019-12-18 16:34:53,317] DEBUG [Controller id=0] Topics not in preferred replica for broker 0 Map() (kafka.controller.KafkaController)
[2019-12-18 16:34:53,318] TRACE [Controller id=0] Leader imbalance ratio for broker 0 is 0.0 (kafka.controller.KafkaController)
[2019-12-18 16:39:53,318] INFO [Controller id=0] Processing automatic preferred replica leader election (kafka.controller.KafkaController)
[2019-12-18 16:39:53,318] TRACE [Controller id=0] Checking need to trigger auto leader balancing (kafka.controller.KafkaController)
[2019-12-18 16:39:53,319] DEBUG [Controller id=0] Preferred replicas by broker Map(0 -> Map(metrics-0 -> Vector(0))) (kafka.controller.KafkaController)
[2019-12-18 16:39:53,319] DEBUG [Controller id=0] Topics not in preferred replica for broker 0 Map() (kafka.controller.KafkaController)
[2019-12-18 16:39:53,319] TRACE [Controller id=0] Leader imbalance ratio for broker 0 is 0.0 (kafka.controller.KafkaController)
[2019-12-18 16:44:53,320] INFO [Controller id=0] Processing automatic preferred replica leader election (kafka.controller.KafkaController)
[2019-12-18 16:44:53,320] TRACE [Controller id=0] Checking need to trigger auto leader balancing (kafka.controller.KafkaController)
[2019-12-18 16:44:53,321] DEBUG [Controller id=0] Preferred replicas by broker Map(0 -> Map(metrics-0 -> Vector(0))) (kafka.controller.KafkaController)
[2019-12-18 16:44:53,321] DEBUG [Controller id=0] Topics not in preferred replica for broker 0 Map() (kafka.controller.KafkaController)
[2019-12-18 16:44:53,321] TRACE [Controller id=0] Leader imbalance ratio for broker 0 is 0.0 (kafka.controller.KafkaController)
[2019-12-18 16:49:53,321] INFO [Controller id=0] Processing automatic preferred replica leader election (kafka.controller.KafkaController)
[2019-12-18 16:49:53,321] TRACE [Controller id=0] Checking need to trigger auto leader balancing (kafka.controller.KafkaController)
[2019-12-18 16:49:53,321] DEBUG [Controller id=0] Preferred replicas by broker Map(0 -> Map(metrics-0 -> Vector(0))) (kafka.controller.KafkaController)
[2019-12-18 16:49:53,321] DEBUG [Controller id=0] Topics not in preferred replica for broker 0 Map() (kafka.controller.KafkaController)
[2019-12-18 16:49:53,321] TRACE [Controller id=0] Leader imbalance ratio for broker 0 is 0.0 (kafka.controller.KafkaController)
[2019-12-18 16:54:53,322] INFO [Controller id=0] Processing automatic preferred replica leader election (kafka.controller.KafkaController)
[2019-12-18 16:54:53,322] TRACE [Controller id=0] Checking need to trigger auto leader balancing (kafka.controller.KafkaController)
[2019-12-18 16:54:53,322] DEBUG [Controller id=0] Preferred replicas by broker Map(0 -> Map(metrics-0 -> Vector(0))) (kafka.controller.KafkaController)
[2019-12-18 16:54:53,323] DEBUG [Controller id=0] Topics not in preferred replica for broker 0 Map() (kafka.controller.KafkaController)
[2019-12-18 16:54:53,323] TRACE [Controller id=0] Leader imbalance ratio for broker 0 is 0.0 (kafka.controller.KafkaController)
[2019-12-18 16:59:53,323] INFO [Controller id=0] Processing automatic preferred replica leader election (kafka.controller.KafkaController)
[2019-12-18 16:59:53,323] TRACE [Controller id=0] Checking need to trigger auto leader balancing (kafka.controller.KafkaController)
[2019-12-18 16:59:53,323] DEBUG [Controller id=0] Preferred replicas by broker Map(0 -> Map(metrics-0 -> Vector(0))) (kafka.controller.KafkaController)
[2019-12-18 16:59:53,323] DEBUG [Controller id=0] Topics not in preferred replica for broker 0 Map() (kafka.controller.KafkaController)
[2019-12-18 16:59:53,323] TRACE [Controller id=0] Leader imbalance ratio for broker 0 is 0.0 (kafka.controller.KafkaController)
